<?xml version="1.0" encoding="utf-8" standalone="no"?>
<!--This file represents the results of running a test suite-->
<test-results name="C:\abc\projects\bad-behaviour\dotnet\src\BadBehavior.Tests\BadBehavior.Tests.nunit" total="35" errors="0" failures="0" not-run="0" inconclusive="0" ignored="0" skipped="0" invalid="0" date="2012-06-28" time="23:47:04">
  <environment nunit-version="2.6.0.12051" clr-version="2.0.50727.5456" os-version="Microsoft Windows NT 6.1.7601 Service Pack 1" platform="Win32NT" cwd="C:\abc\projects\bad-behaviour\dotnet\src\BadBehavior" machine-name="JAMES-HP" user="james" user-domain="james-hp" />
  <culture-info current-culture="en-GB" current-uiculture="en-US" />
  <test-suite type="Project" name="C:\abc\projects\bad-behaviour\dotnet\src\BadBehavior.Tests\BadBehavior.Tests.nunit" executed="True" result="Success" success="True" time="2.842" asserts="0">
    <results>
      <test-suite type="Assembly" name="C:\abc\projects\bad-behaviour\dotnet\src\BadBehavior.Tests\bin\Release\BadBehavior.Tests.dll" executed="True" result="Success" success="True" time="2.807" asserts="0">
        <results>
          <test-suite type="Namespace" name="BadBehavior" executed="True" result="Success" success="True" time="2.807" asserts="0">
            <results>
              <test-suite type="Namespace" name="Tests" executed="True" result="Success" success="True" time="2.807" asserts="0">
                <results>
                  <test-suite type="TestFixture" name="BBEngineFixture" executed="True" result="Success" success="True" time="2.613" asserts="0">
                    <results>
                      <test-suite type="ParameterizedTest" name="CanBuildResponse" executed="True" result="Success" success="True" time="2.566" asserts="0">
                        <results>
                          <test-case name="BadBehavior.Tests.BBEngineFixture.CanBuildResponse(null)" executed="True" result="Success" success="True" time="2.519" asserts="1" />
                          <test-case name="BadBehavior.Tests.BBEngineFixture.CanBuildResponse(&quot;test@jamesmckay.net&quot;)" executed="True" result="Success" success="True" time="0.014" asserts="1" />
                        </results>
                      </test-suite>
                      <test-suite type="ParameterizedTest" name="CanBuildSupportKey" executed="True" result="Success" success="True" time="0.020" asserts="0">
                        <results>
                          <test-case name="BadBehavior.Tests.BBEngineFixture.CanBuildSupportKey(&quot;1.0.0.1&quot;,&quot;deadbeef&quot;,&quot;0100-0001-dead-beef&quot;)" executed="True" result="Success" success="True" time="0.019" asserts="1" />
                          <test-case name="BadBehavior.Tests.BBEngineFixture.CanBuildSupportKey(&quot;127.0.0.1&quot;,&quot;deadbeef&quot;,&quot;7f00-0001-dead-beef&quot;)" executed="True" result="Success" success="True" time="0.000" asserts="1" />
                        </results>
                      </test-suite>
                    </results>
                  </test-suite>
                  <test-suite type="TestFixture" name="FunctionsFixture" executed="True" result="Success" success="True" time="0.030" asserts="0">
                    <results>
                      <test-suite type="ParameterizedTest" name="CanMatchCidr" executed="True" result="Success" success="True" time="0.030" asserts="0">
                        <results>
                          <test-case name="BadBehavior.Tests.FunctionsFixture.CanMatchCidr(&quot;127.0.0.1&quot;,&quot;127.0.0.0&quot;,False)" executed="True" result="Success" success="True" time="0.017" asserts="1" />
                          <test-case name="BadBehavior.Tests.FunctionsFixture.CanMatchCidr(&quot;127.255.0.1&quot;,&quot;127.0.0.0/8&quot;,True)" executed="True" result="Success" success="True" time="0.001" asserts="1" />
                          <test-case name="BadBehavior.Tests.FunctionsFixture.CanMatchCidr(&quot;128.0.0.0&quot;,&quot;127.0.0.0/8&quot;,False)" executed="True" result="Success" success="True" time="0.000" asserts="1" />
                          <test-case name="BadBehavior.Tests.FunctionsFixture.CanMatchCidr(&quot;126.255.255.255&quot;,&quot;127.0.0.0/8&quot;,False)" executed="True" result="Success" success="True" time="0.000" asserts="1" />
                          <test-case name="BadBehavior.Tests.FunctionsFixture.CanMatchCidr(&quot;254.0.0.1&quot;,&quot;254.0.0.0/8&quot;,True)" executed="True" result="Success" success="True" time="0.000" asserts="1" />
                          <test-case name="BadBehavior.Tests.FunctionsFixture.CanMatchCidr(&quot;254.1.0.1&quot;,&quot;254.0.0.0/8&quot;,True)" executed="True" result="Success" success="True" time="0.000" asserts="1" />
                          <test-case name="BadBehavior.Tests.FunctionsFixture.CanMatchCidr(&quot;254.255.0.1&quot;,&quot;254.0.0.0/8&quot;,True)" executed="True" result="Success" success="True" time="0.000" asserts="1" />
                          <test-case name="BadBehavior.Tests.FunctionsFixture.CanMatchCidr(&quot;255.0.0.0&quot;,&quot;254.0.0.0/8&quot;,False)" executed="True" result="Success" success="True" time="0.001" asserts="1" />
                          <test-case name="BadBehavior.Tests.FunctionsFixture.CanMatchCidr(&quot;253.255.255.255&quot;,&quot;254.0.0.0/8&quot;,False)" executed="True" result="Success" success="True" time="0.001" asserts="1" />
                          <test-case name="BadBehavior.Tests.FunctionsFixture.CanMatchCidr(&quot;127.0.0.1&quot;,&quot;127.0.0.0/8&quot;,True)" executed="True" result="Success" success="True" time="0.001" asserts="1" />
                          <test-case name="BadBehavior.Tests.FunctionsFixture.CanMatchCidr(&quot;127.0.0.1&quot;,&quot;127.0.0.1&quot;,True)" executed="True" result="Success" success="True" time="0.000" asserts="1" />
                          <test-case name="BadBehavior.Tests.FunctionsFixture.CanMatchCidr(&quot;254.0.0.1&quot;,&quot;254.0.0.0&quot;,False)" executed="True" result="Success" success="True" time="0.000" asserts="1" />
                          <test-case name="BadBehavior.Tests.FunctionsFixture.CanMatchCidr(&quot;254.0.0.1&quot;,&quot;254.0.0.1&quot;,True)" executed="True" result="Success" success="True" time="0.000" asserts="1" />
                          <test-case name="BadBehavior.Tests.FunctionsFixture.CanMatchCidr(&quot;127.1.0.1&quot;,&quot;127.0.0.0/8&quot;,True)" executed="True" result="Success" success="True" time="0.000" asserts="1" />
                        </results>
                      </test-suite>
                    </results>
                  </test-suite>
                  <test-suite type="TestFixture" name="PackageFixture" executed="True" result="Success" success="True" time="0.077" asserts="0">
                    <results>
                      <test-suite type="ParameterizedTest" name="CanFindOriginatingIP" executed="True" result="Success" success="True" time="0.065" asserts="0">
                        <results>
                          <test-case name="BadBehavior.Tests.PackageFixture.CanFindOriginatingIP(&quot;1.2.3.4&quot;,&quot;5.6.7.8 12.34.56.78&quot;,&quot;5.6.7.8&quot;)" executed="True" result="Success" success="True" time="0.042" asserts="1" />
                          <test-case name="BadBehavior.Tests.PackageFixture.CanFindOriginatingIP(&quot;1.2.3.4&quot;,&quot;5.6.7.8 12.34.56.78&quot;,&quot;12.34.56.78&quot;,System.String[])" executed="True" result="Success" success="True" time="0.005" asserts="1" />
                          <test-case name="BadBehavior.Tests.PackageFixture.CanFindOriginatingIP(&quot;1.2.3.4&quot;,&quot;192.168.3.4,5.6.7.8,12.34.56.78&quot;,&quot;12.34.56.78&quot;,System.String[])" executed="True" result="Success" success="True" time="0.004" asserts="1" />
                          <test-case name="BadBehavior.Tests.PackageFixture.CanFindOriginatingIP(&quot;1.2.3.4&quot;,null,&quot;1.2.3.4&quot;)" executed="True" result="Success" success="True" time="0.005" asserts="1" />
                          <test-case name="BadBehavior.Tests.PackageFixture.CanFindOriginatingIP(&quot;1.2.3.4&quot;,&quot;12.34.56.78&quot;,&quot;12.34.56.78&quot;)" executed="True" result="Success" success="True" time="0.004" asserts="1" />
                        </results>
                      </test-suite>
                      <test-case name="BadBehavior.Tests.PackageFixture.CanSetHeadersMixed" executed="True" result="Success" success="True" time="0.008" asserts="1" />
                    </results>
                  </test-suite>
                  <test-suite type="Namespace" name="Rules" executed="True" result="Success" success="True" time="0.041" asserts="0">
                    <results>
                      <test-suite type="TestFixture" name="SearchEngineFixture" executed="True" result="Success" success="True" time="0.040" asserts="0">
                        <results>
                          <test-suite type="ParameterizedTest" name="CanInvalidateFakeSearchEngines" executed="True" result="Success" success="True" time="0.025" asserts="0">
                            <results>
                              <test-case name="BadBehavior.Tests.Rules.SearchEngineFixture.CanInvalidateFakeSearchEngines(&quot;msnbot&quot;)" executed="True" result="Success" success="True" time="0.015" asserts="0" />
                              <test-case name="BadBehavior.Tests.Rules.SearchEngineFixture.CanInvalidateFakeSearchEngines(&quot;Googlebot&quot;)" executed="True" result="Success" success="True" time="0.005" asserts="0" />
                              <test-case name="BadBehavior.Tests.Rules.SearchEngineFixture.CanInvalidateFakeSearchEngines(&quot;Yahoo! Slurp&quot;)" executed="True" result="Success" success="True" time="0.003" asserts="0" />
                            </results>
                          </test-suite>
                          <test-suite type="ParameterizedTest" name="CanValidateSearchEngines" executed="True" result="Success" success="True" time="0.011" asserts="0">
                            <results>
                              <test-case name="BadBehavior.Tests.Rules.SearchEngineFixture.CanValidateSearchEngines(&quot;Yahoo! Slurp&quot;,&quot;202.160.176.0&quot;)" executed="True" result="Success" success="True" time="0.003" asserts="0" />
                              <test-case name="BadBehavior.Tests.Rules.SearchEngineFixture.CanValidateSearchEngines(&quot;msnbot&quot;,&quot;207.46.0.0&quot;)" executed="True" result="Success" success="True" time="0.002" asserts="0" />
                              <test-case name="BadBehavior.Tests.Rules.SearchEngineFixture.CanValidateSearchEngines(&quot;Googlebot&quot;,&quot;66.249.64.0&quot;)" executed="True" result="Success" success="True" time="0.002" asserts="0" />
                            </results>
                          </test-suite>
                        </results>
                      </test-suite>
                    </results>
                  </test-suite>
                  <test-suite type="Namespace" name="Validators" executed="True" result="Success" success="True" time="0.028" asserts="0">
                    <results>
                      <test-suite type="TestFixture" name="BrowserFixture" executed="True" result="Success" success="True" time="0.027" asserts="0">
                        <results>
                          <test-case name="BadBehavior.Tests.Validators.BrowserFixture.AkamaiSendsConnectionTE" executed="True" result="Success" success="True" time="0.003" asserts="0" />
                          <test-case name="BadBehavior.Tests.Validators.BrowserFixture.IEMobileSendsConnectionTE" executed="True" result="Success" success="True" time="0.003" asserts="0" />
                          <test-case name="BadBehavior.Tests.Validators.BrowserFixture.MSIEAcceptRequiredAndMissing" executed="True" result="Success" success="True" time="0.004" asserts="0" />
                          <test-case name="BadBehavior.Tests.Validators.BrowserFixture.MSIEAcceptRequiredAndPresent" executed="True" result="Success" success="True" time="0.003" asserts="0" />
                          <test-case name="BadBehavior.Tests.Validators.BrowserFixture.MSIEDoesNotSendConnectionTE" executed="True" result="Success" success="True" time="0.008" asserts="0" />
                        </results>
                      </test-suite>
                    </results>
                  </test-suite>
                </results>
              </test-suite>
            </results>
          </test-suite>
        </results>
      </test-suite>
    </results>
  </test-suite>
</test-results>